###############################################################################
#                                                                             #
# IAR C/C++ Compiler V5.60.5.50814/W32 for MSP430       01/Apr/2014  21:09:56 #
# Copyright 1996-2013 IAR Systems AB.                                         #
#                                                                             #
#    __rt_version  =  3                                                       #
#    __double_size =  32                                                      #
#    __reg_r4      =  free                                                    #
#    __reg_r5      =  free                                                    #
#    __pic         =  no                                                      #
#    __core        =  430X                                                    #
#    __data_model  =  small                                                   #
#    Source file   =  C:\Users\Nathan\Documents\GitHub\ece306-gps-receiver\LE #
#                     D.c                                                     #
#    Command line  =  C:\Users\Nathan\Documents\GitHub\ece306-gps-receiver\LE #
#                     D.c -lC C:\Users\Nathan\Documents\GitHub\ece306-gps-rec #
#                     eiver\Debug\List\ -o C:\Users\Nathan\Documents\GitHub\e #
#                     ce306-gps-receiver\Debug\Obj\ --no_cse --no_unroll      #
#                     --no_inline --no_code_motion --no_tbaa --debug          #
#                     -D__MSP430FR5739__ -e --double=32 --dlib_config         #
#                     "C:\Program Files (x86)\IAR Systems\Embedded Workbench  #
#                     6.5\430\LIB\DLIB\dl430xsfn.h" --core=430X               #
#                     --data_model=small -Ol --multiplier=32                  #
#                     --multiplier_location=4C0 --hw_workaround=CPU40         #
#    List file     =  C:\Users\Nathan\Documents\GitHub\ece306-gps-receiver\De #
#                     bug\List\LED.lst                                        #
#    Object file   =  C:\Users\Nathan\Documents\GitHub\ece306-gps-receiver\De #
#                     bug\Obj\LED.r43                                         #
#                                                                             #
#                                                                             #
###############################################################################

C:\Users\Nathan\Documents\GitHub\ece306-gps-receiver\LED.c
      1          /******************************************************************************
      2          LED.c
      3          
      4          DESC: This file contains a method that initializes the LEDs
      5          
      6          GLOBALS: None
      7          
      8          Nathan Hansen, Feb 2014, Built with IAR Embedded Workbench Version: 5.60.5
      9          ******************************************************************************/
     10          
     11          #include  "functions.h"
     12          #include  "macros.h"
     13          #include  "msp430.h"
     14          
     15          //Init_LEDs
     16          //
     17          //DESC: LED drive pins are all set to zero using macros for the addresses. Half are 
     18          //on Port3 and half on PortJ
     19          //ARGS: None
     20          //RET: None
     21          void Init_LEDs(void)
     22          {
     23            PJOUT &= ~LED1;
     24            PJOUT &= ~LED2;
                             ^
Error[Pe020]: identifier "LED2" is undefined
     25            PJOUT &= ~LED3;
                             ^
Error[Pe020]: identifier "LED3" is undefined
     26            PJOUT &= ~LED4;
                             ^
Error[Pe020]: identifier "LED4" is undefined
     27            
     28            /*P3OUT &= ~LED5;
     29            P3OUT &= ~LED6;
     30            P3OUT &= ~LED7;
     31            P3OUT &= ~LED8;*/
     32          }

Errors: 3
Warnings: none
